<?xml version="1.0" encoding="UTF-8"?>
<!-- Generated by org.testng.reporters.JUnitReportReporter -->
<testsuite hostname="DESKTOP-6HMH41Q" failures="0" tests="3" name="com.ofos.HomeModule.HomeModuleTest" time="8.160" errors="0" timestamp="2022-08-10T10:56:53 IST" skipped="2">
  <testcase classname="com.ofos.HomeModule.HomeModuleTest" name="cuisineslink" time="8.160"/>
  <system-out/>
  <testcase classname="com.ofos.HomeModule.HomeModuleTest" name="northStreetTavern">
    <skipped/>
  </testcase> <!-- northStreetTavern -->
  <system-out/>
  <testcase classname="com.ofos.HomeModule.HomeModuleTest" name="orderChickenMedeire">
    <skipped/>
  </testcase> <!-- orderChickenMedeire -->
  <system-out/>
</testsuite> <!-- com.ofos.HomeModule.HomeModuleTest -->
