<?xml version="1.0" encoding="UTF-8"?>
<!-- Generated by org.testng.reporters.JUnitReportReporter -->
<testsuite hostname="DESKTOP-HTDTJ7L" failures="0" tests="4" name="com.project.OnlineFoodOrdering.HomeModule.HomeModuleTest" time="7.228" errors="0" timestamp="2022-08-10T10:56:46 IST" skipped="3">
  <testcase classname="com.project.OnlineFoodOrdering.HomeModule.HomeModuleTest" name="endToEndTestingHighlandsBarGrillRestaurantTest" time="7.228"/>
  <system-out/>
  <testcase classname="com.project.OnlineFoodOrdering.HomeModule.HomeModuleTest" name="endToEndTestingNanXiangXiaoLongBaoTest">
    <skipped/>
  </testcase> <!-- endToEndTestingNanXiangXiaoLongBaoTest -->
  <system-out/>
  <testcase classname="com.project.OnlineFoodOrdering.HomeModule.HomeModuleTest" name="endToEndTestingToOrderYorkshireLambPattiesTest">
    <skipped/>
  </testcase> <!-- endToEndTestingToOrderYorkshireLambPattiesTest -->
  <system-out/>
  <testcase classname="com.project.OnlineFoodOrdering.HomeModule.HomeModuleTest" name="endToEndTestingPinkSpaghettiGamberoniTest">
    <skipped/>
  </testcase> <!-- endToEndTestingPinkSpaghettiGamberoniTest -->
  <system-out/>
</testsuite> <!-- com.project.OnlineFoodOrdering.HomeModule.HomeModuleTest -->
