<?xml version="1.0" encoding="UTF-8"?>
<!-- Generated by org.testng.reporters.JUnitReportReporter -->
<testsuite hostname="DESKTOP-7V04JF6" failures="0" tests="3" name="com.dataProvider.DataProviderClass" time="0.015" errors="0" timestamp="2022-08-05T16:31:04 IST" skipped="0">
  <testcase classname="com.dataProvider.DataProviderClass" name="accepter" time="0.009"/>
  <system-out/>
  <testcase classname="com.dataProvider.DataProviderClass" name="accepter" time="0.002"/>
  <system-out/>
  <testcase classname="com.dataProvider.DataProviderClass" name="accepter" time="0.004"/>
  <system-out/>
</testsuite> <!-- com.dataProvider.DataProviderClass -->
