<?xml version="1.0" encoding="UTF-8"?>
<!-- Generated by org.testng.reporters.JUnitReportReporter -->
<testsuite hostname="DESKTOP-6HMH41Q" failures="0" tests="4" name="com.ofos.RestaurantsModuleTest.RestaurantsModuleTest" time="11.577" errors="0" timestamp="2022-08-10T17:12:52 IST" skipped="3">
  <testcase classname="com.ofos.RestaurantsModuleTest.RestaurantsModuleTest" name="tc_12clickResteaurantSelectFood" time="11.577"/>
  <system-out/>
  <testcase classname="com.ofos.RestaurantsModuleTest.RestaurantsModuleTest" name="tc_8ResteaurantSelectfood">
    <skipped/>
  </testcase> <!-- tc_8ResteaurantSelectfood -->
  <system-out/>
  <testcase classname="com.ofos.RestaurantsModuleTest.RestaurantsModuleTest" name="clickrestaurant">
    <skipped/>
  </testcase> <!-- clickrestaurant -->
  <system-out/>
  <testcase classname="com.ofos.RestaurantsModuleTest.RestaurantsModuleTest" name="resteaurantSelectTheFood">
    <skipped/>
  </testcase> <!-- resteaurantSelectTheFood -->
  <system-out/>
</testsuite> <!-- com.ofos.RestaurantsModuleTest.RestaurantsModuleTest -->
