<?xml version="1.0" encoding="UTF-8"?>
<!-- Generated by org.testng.reporters.JUnitReportReporter -->
<testsuite hostname="DESKTOP-HTDTJ7L" failures="0" tests="3" name="com.project.OnlineFoodOrdering.RestaurantsModule.RestaurantModuleTest" time="3.682" errors="0" timestamp="2022-08-10T17:12:19 IST" skipped="2">
  <testcase classname="com.project.OnlineFoodOrdering.RestaurantsModule.RestaurantModuleTest" name="endToEndTestingRestaurant_Tc30Test" time="3.682"/>
  <system-out/>
  <testcase classname="com.project.OnlineFoodOrdering.RestaurantsModule.RestaurantModuleTest" name="endToEndTestingRestaurant_Tc06Test">
    <skipped/>
  </testcase> <!-- endToEndTestingRestaurant_Tc06Test -->
  <system-out/>
  <testcase classname="com.project.OnlineFoodOrdering.RestaurantsModule.RestaurantModuleTest" name="endToEndTestingRestaurant_Tc10Test">
    <skipped/>
  </testcase> <!-- endToEndTestingRestaurant_Tc10Test -->
  <system-out/>
</testsuite> <!-- com.project.OnlineFoodOrdering.RestaurantsModule.RestaurantModuleTest -->
