<?xml version="1.0" encoding="UTF-8"?>
<!-- Generated by org.testng.reporters.JUnitReportReporter -->
<testsuite hostname="DESKTOP-HTDTJ7L" failures="0" tests="1" name="com.project.OnlineFoodOrdering.HomeModule.HomeTest" time="4.199" errors="0" timestamp="2022-08-05T16:07:33 IST" skipped="0">
  <testcase classname="com.project.OnlineFoodOrdering.HomeModule.HomeTest" name="endToEndTestingToOrderYorkshireLambPattiesTest" time="4.199"/>
  <system-out/>
</testsuite> <!-- com.project.OnlineFoodOrdering.HomeModule.HomeTest -->
