<?xml version="1.0" encoding="UTF-8"?>
<!-- Generated by org.testng.reporters.JUnitReportReporter -->
<testsuite hostname="DESKTOP-7V04JF6" failures="0" tests="1" name="com.ecom.OFO.home.HomeTest" time="2.592" errors="0" timestamp="2022-08-05T13:15:11 IST" skipped="0">
  <testcase classname="com.ecom.OFO.home.HomeTest" name="ToSelectOneDishTest" time="2.592"/>
  <system-out/>
</testsuite> <!-- com.ecom.OFO.home.HomeTest -->
