<?xml version="1.0" encoding="UTF-8"?>
<!-- Generated by org.testng.reporters.JUnitReportReporter -->
<testsuite hostname="DESKTOP-6HMH41Q" failures="0" tests="1" name="com.ofos.HomeModule.HomeModule" time="5.509" errors="0" timestamp="2022-08-05T15:03:21 IST" skipped="0">
  <testcase classname="com.ofos.HomeModule.HomeModule" name="orderChickenMedeire" time="5.509"/>
  <system-out/>
</testsuite> <!-- com.ofos.HomeModule.HomeModule -->
