<?xml version="1.0" encoding="UTF-8"?>
<!-- Generated by org.testng.reporters.JUnitReportReporter -->
<testsuite hostname="DESKTOP-6HMH41Q" failures="0" tests="2" name="com.DataProviderTest.DataProviderTest" time="0.041" errors="0" timestamp="2022-08-04T13:21:06 IST" skipped="0">
  <testcase classname="com.DataProviderTest.DataProviderTest" name="amazon" time="0.013"/>
  <system-out/>
  <testcase classname="com.DataProviderTest.DataProviderTest" name="amazon" time="0.028"/>
  <system-out/>
</testsuite> <!-- com.DataProviderTest.DataProviderTest -->
